\BOOKMARK [1][-]{section.1}{\376\377\000K\000a\000l\000k\000u\000l\000a\000t\000i\000o\000n\000s\000g\000r\000u\000n\000d\000l\000a\000g\000e}{}% 1
\BOOKMARK [2][-]{subsection.1.1}{\376\377\000M\000a\000s\000c\000h\000i\000n\000e\000n\000s\000t\000u\000n\000d\000e\000n\000s\000\344\000t\000z\000e\000\040\000\050\000M\000B\000S\000-\000k\000a\000l\000i\000b\000r\000i\000e\000r\000t\000\051}{section.1}% 2
\BOOKMARK [2][-]{subsection.1.2}{\376\377\000Z\000u\000s\000c\000h\000l\000a\000g\000s\000s\000\344\000t\000z\000e}{section.1}% 3
\BOOKMARK [2][-]{subsection.1.3}{\376\377\000M\000a\000t\000e\000r\000i\000a\000l\000p\000r\000e\000i\000s\000e}{section.1}% 4
\BOOKMARK [1][-]{section.2}{\376\377\000B\000a\000u\000t\000e\000i\000l\000\040\0001\000:\000\040\000V\000e\000r\000b\000i\000n\000d\000u\000n\000g\000s\000p\000l\000a\000t\000t\000e}{}% 5
\BOOKMARK [2][-]{subsection.2.1}{\376\377\000Z\000u\000s\000c\000h\000l\000a\000g\000s\000k\000a\000l\000k\000u\000l\000a\000t\000i\000o\000n}{section.2}% 6
\BOOKMARK [1][-]{section.3}{\376\377\000B\000a\000u\000t\000e\000i\000l\000\040\0002\000:\000\040\000A\000d\000a\000p\000t\000e\000r\000p\000l\000a\000t\000t\000e}{}% 7
\BOOKMARK [2][-]{subsection.3.1}{\376\377\000Z\000u\000s\000c\000h\000l\000a\000g\000s\000k\000a\000l\000k\000u\000l\000a\000t\000i\000o\000n}{section.3}% 8
\BOOKMARK [1][-]{section.4}{\376\377\000B\000a\000u\000t\000e\000i\000l\000\040\0003\000:\000\040\000B\000l\000o\000c\000k}{}% 9
\BOOKMARK [2][-]{subsection.4.1}{\376\377\000Z\000u\000s\000c\000h\000l\000a\000g\000s\000k\000a\000l\000k\000u\000l\000a\000t\000i\000o\000n}{section.4}% 10
\BOOKMARK [1][-]{section.5}{\376\377\000G\000e\000s\000a\000m\000t\000\374\000b\000e\000r\000s\000i\000c\000h\000t}{}% 11
\BOOKMARK [2][-]{subsection.5.1}{\376\377\000V\000e\000r\000g\000l\000e\000i\000c\000h\000\040\000m\000i\000t\000\040\000M\000B\000S\000\040\000b\000-\000l\000o\000g\000i\000c}{section.5}% 12
\BOOKMARK [1][-]{section.6}{\376\377\000A\000b\000w\000e\000i\000c\000h\000u\000n\000g\000s\000a\000n\000a\000l\000y\000s\000e}{}% 13
\BOOKMARK [2][-]{subsection.6.1}{\376\377\000P\000o\000s\000\040\0001\000:\000\040\000V\000e\000r\000b\000i\000n\000d\000u\000n\000g\000s\000p\000l\000a\000t\000t\000e\000\040\040\023\000\040\000C\000N\000C\000\040\000+\0009\0003\000,\0007\000\045\000\040\000\374\000b\000e\000r\000\040\000M\000B\000S\000-\000H\000K}{section.6}% 14
\BOOKMARK [2][-]{subsection.6.2}{\376\377\000P\000o\000s\000\040\0002\000:\000\040\000A\000d\000a\000p\000t\000e\000r\000p\000l\000a\000t\000t\000e\000\040\040\023\000\040\000C\000N\000C\000\040\000-\0003\0004\000,\0002\000\045\000\040\000u\000n\000t\000e\000r\000\040\000M\000B\000S\000-\000H\000K}{section.6}% 15
\BOOKMARK [2][-]{subsection.6.3}{\376\377\000P\000o\000s\000\040\0003\000:\000\040\000B\000l\000o\000c\000k\000\040\040\023\000\040\000C\000N\000C\000\040\000+\0002\000,\0009\000\045\000\040\000\374\000b\000e\000r\000\040\000M\000B\000S\000-\000H\000K}{section.6}% 16
\BOOKMARK [1][-]{section.7}{\376\377\000M\000i\000t\000i\000g\000a\000t\000i\000o\000n\000e\000n\000\040\000u\000n\000d\000\040\000e\000r\000w\000a\000r\000t\000e\000t\000e\000r\000\040\000E\000f\000f\000e\000k\000t}{}% 17
\BOOKMARK [1][-]{section.8}{\376\377\000E\000r\000w\000a\000r\000t\000e\000t\000e\000\040\000E\000r\000g\000e\000b\000n\000i\000s\000s\000e\000\040\000n\000a\000c\000h\000\040\000M\000i\000t\000i\000g\000a\000t\000i\000o\000n}{}% 18
\BOOKMARK [1][-]{section.9}{\376\377\000Z\000u\000s\000a\000m\000m\000e\000n\000f\000a\000s\000s\000u\000n\000g}{}% 19
\BOOKMARK [2][-]{subsection.9.1}{\376\377\000W\000a\000s\000\040\000f\000u\000n\000k\000t\000i\000o\000n\000i\000e\000r\000t}{section.9}% 20
\BOOKMARK [2][-]{subsection.9.2}{\376\377\000W\000a\000s\000\040\000v\000e\000r\000b\000e\000s\000s\000e\000r\000t\000\040\000w\000e\000r\000d\000e\000n\000\040\000m\000u\000s\000s}{section.9}% 21
\BOOKMARK [2][-]{subsection.9.3}{\376\377\000E\000i\000n\000s\000c\000h\000\344\000t\000z\000u\000n\000g}{section.9}% 22
\BOOKMARK [2][-]{subsection.9.4}{\376\377\000A\000u\000s\000b\000l\000i\000c\000k}{section.9}% 23
\BOOKMARK [1][-]{section.10}{\376\377\000E\000m\000p\000f\000e\000h\000l\000u\000n\000g\000:\000\040\000W\000e\000i\000t\000e\000r\000e\000\040\000D\000o\000k\000u\000m\000e\000n\000t\000e}{}% 24
