\BOOKMARK [1][-]{section.1}{\376\377\000M\000a\000r\000k\000t\000\374\000b\000e\000r\000s\000i\000c\000h\000t}{}% 1
\BOOKMARK [2][-]{subsection.1.1}{\376\377\000M\000a\000r\000k\000t\000g\000r\000\366\000\337\000e}{section.1}% 2
\BOOKMARK [2][-]{subsection.1.2}{\376\377\000T\000r\000e\000n\000d\000s}{section.1}% 3
\BOOKMARK [2][-]{subsection.1.3}{\376\377\000K\000a\000u\000f\000k\000r\000i\000t\000e\000r\000i\000e\000n\000\040\000f\000\374\000r\000\040\000F\000e\000r\000t\000i\000g\000e\000r}{section.1}% 4
\BOOKMARK [1][-]{section.2}{\376\377\000W\000e\000t\000t\000b\000e\000w\000e\000r\000b\000s\000a\000n\000a\000l\000y\000s\000e}{}% 5
\BOOKMARK [2][-]{subsection.2.1}{\376\377\000S\000p\000a\000n\000f\000l\000u\000g\000\040\000M\000A\000K\000E\000\040\000\050\000H\000a\000u\000p\000t\000w\000e\000t\000t\000b\000e\000w\000e\000r\000b\000e\000r\000\051}{section.2}% 6
\BOOKMARK [2][-]{subsection.2.2}{\376\377\000W\000e\000i\000t\000e\000r\000e\000\040\000W\000e\000t\000t\000b\000e\000w\000e\000r\000b\000e\000r}{section.2}% 7
\BOOKMARK [1][-]{section.3}{\376\377\000F\000e\000a\000t\000u\000r\000e\000-\000V\000e\000r\000g\000l\000e\000i\000c\000h\000s\000m\000a\000t\000r\000i\000x}{}% 8
\BOOKMARK [1][-]{section.4}{\376\377\000C\000N\000C\000\040\000P\000l\000a\000n\000n\000e\000r\000\040\000P\000r\000o\000\040\000P\000o\000s\000i\000t\000i\000o\000n\000i\000e\000r\000u\000n\000g}{}% 9
\BOOKMARK [2][-]{subsection.4.1}{\376\377\000V\000a\000l\000u\000e\000\040\000P\000r\000o\000p\000o\000s\000i\000t\000i\000o\000n}{section.4}% 10
\BOOKMARK [2][-]{subsection.4.2}{\376\377\000D\000i\000f\000f\000e\000r\000e\000n\000z\000i\000e\000r\000u\000n\000g\000s\000m\000e\000r\000k\000m\000a\000l\000e}{section.4}% 11
\BOOKMARK [2][-]{subsection.4.3}{\376\377\000Z\000i\000e\000l\000g\000r\000u\000p\000p\000e}{section.4}% 12
\BOOKMARK [2][-]{subsection.4.4}{\376\377\000E\000m\000p\000f\000o\000h\000l\000e\000n\000e\000\040\000P\000r\000e\000i\000s\000p\000o\000s\000i\000t\000i\000o\000n\000i\000e\000r\000u\000n\000g}{section.4}% 13
\BOOKMARK [1][-]{section.5}{\376\377\000C\000h\000a\000n\000c\000e\000n\000\040\000\046\000\040\000R\000i\000s\000i\000k\000e\000n}{}% 14
\BOOKMARK [2][-]{subsection.5.1}{\376\377\000C\000h\000a\000n\000c\000e\000n}{section.5}% 15
\BOOKMARK [2][-]{subsection.5.2}{\376\377\000R\000i\000s\000i\000k\000e\000n}{section.5}% 16
\BOOKMARK [1][-]{section.6}{\376\377\000S\000t\000r\000a\000t\000e\000g\000i\000s\000c\000h\000e\000\040\000E\000m\000p\000f\000e\000h\000l\000u\000n\000g\000e\000n}{}% 17
\BOOKMARK [2][-]{subsection.6.1}{\376\377\000K\000u\000r\000z\000f\000r\000i\000s\000t\000i\000g\000\040\000\050\0000\000-\0003\000\040\000M\000o\000n\000a\000t\000e\000\051}{section.6}% 18
\BOOKMARK [2][-]{subsection.6.2}{\376\377\000M\000i\000t\000t\000e\000l\000f\000r\000i\000s\000t\000i\000g\000\040\000\050\0003\000-\0001\0002\000\040\000M\000o\000n\000a\000t\000e\000\051}{section.6}% 19
\BOOKMARK [2][-]{subsection.6.3}{\376\377\000L\000a\000n\000g\000f\000r\000i\000s\000t\000i\000g\000\040\000\050\0001\0002\000+\000\040\000M\000o\000n\000a\000t\000e\000\051}{section.6}% 20
