\BOOKMARK [1][-]{section.1}{\376\377\000Z\000u\000s\000a\000m\000m\000e\000n\000f\000a\000s\000s\000u\000n\000g}{}% 1
\BOOKMARK [1][-]{section.2}{\376\377\000K\000a\000l\000k\000u\000l\000a\000t\000i\000o\000n\000s\000q\000u\000a\000l\000i\000t\000\344\000t\000:\000\040\000D\000i\000e\000\040\000F\000a\000k\000t\000e\000n}{}% 2
\BOOKMARK [2][-]{subsection.2.1}{\376\377\000V\000e\000r\000g\000l\000e\000i\000c\000h\000s\000b\000a\000s\000i\000s}{section.2}% 3
\BOOKMARK [2][-]{subsection.2.2}{\376\377\0003\000\040\000D\000e\000m\000o\000-\000B\000a\000u\000t\000e\000i\000l\000e\000\040\000m\000i\000t\000\040\000t\000e\000c\000h\000n\000i\000s\000c\000h\000e\000n\000\040\000Z\000e\000i\000c\000h\000n\000u\000n\000g\000e\000n}{section.2}% 4
\BOOKMARK [2][-]{subsection.2.3}{\376\377\000A\000l\000l\000e\000\040\0006\000\040\000P\000o\000s\000i\000t\000i\000o\000n\000e\000n}{section.2}% 5
\BOOKMARK [2][-]{subsection.2.4}{\376\377\000A\000b\000w\000e\000i\000c\000h\000u\000n\000g\000s\000u\000r\000s\000a\000c\000h\000e\000n}{section.2}% 6
\BOOKMARK [1][-]{section.3}{\376\377\000W\000e\000t\000t\000b\000e\000w\000e\000r\000b\000:\000\040\000E\000h\000r\000l\000i\000c\000h\000e\000\040\000E\000i\000n\000o\000r\000d\000n\000u\000n\000g}{}% 7
\BOOKMARK [2][-]{subsection.3.1}{\376\377\000D\000i\000e\000\040\000L\000a\000n\000d\000s\000c\000h\000a\000f\000t}{section.3}% 8
\BOOKMARK [2][-]{subsection.3.2}{\376\377\000W\000e\000r\000\040\000w\000a\000s\000\040\000b\000e\000s\000s\000e\000r\000\040\000k\000a\000n\000n}{section.3}% 9
\BOOKMARK [2][-]{subsection.3.3}{\376\377\000W\000a\000s\000\040\000C\000N\000C\000\040\000P\000l\000a\000n\000e\000r\000\040\000P\000r\000o\000\040\000N\000I\000C\000H\000T\000\040\000k\000a\000n\000n}{section.3}% 10
\BOOKMARK [1][-]{section.4}{\376\377\000D\000i\000e\000\040\000L\000\374\000c\000k\000e\000:\000\040\000W\000o\000\040\000l\000i\000e\000g\000t\000\040\000d\000e\000r\000\040\000U\000S\000P\000?}{}% 11
\BOOKMARK [2][-]{subsection.4.1}{\376\377\000D\000a\000s\000\040\000A\000d\000o\000p\000t\000i\000o\000n\000s\000p\000r\000o\000b\000l\000e\000m}{section.4}% 12
\BOOKMARK [2][-]{subsection.4.2}{\376\377\000D\000r\000e\000i\000\040\000m\000\366\000g\000l\000i\000c\000h\000e\000\040\000U\000S\000P\000s\000\040\040\024\000\040\000b\000e\000w\000e\000r\000t\000e\000t}{section.4}% 13
\BOOKMARK [2][-]{subsection.4.3}{\376\377\000D\000e\000r\000\040\000s\000t\000\344\000r\000k\000s\000t\000e\000\040\000U\000S\000P\000:\000\040\000W\000i\000s\000s\000e\000n\000s\000t\000r\000a\000n\000s\000f\000e\000r}{section.4}% 14
\BOOKMARK [1][-]{section.5}{\376\377\000M\000a\000r\000k\000t\000g\000r\000\366\000\337\000e\000:\000\040\000R\000e\000a\000l\000i\000s\000t\000i\000s\000c\000h}{}% 15
\BOOKMARK [1][-]{section.6}{\376\377\000P\000o\000s\000i\000t\000i\000o\000n\000i\000e\000r\000u\000n\000g\000s\000s\000t\000r\000a\000t\000e\000g\000i\000e}{}% 16
\BOOKMARK [2][-]{subsection.6.1}{\376\377\000S\000z\000e\000n\000a\000r\000i\000o\000\040\000A\000:\000\040\000W\000e\000i\000t\000e\000r\000b\000a\000u\000e\000n\000\040\000a\000l\000s\000\040\000K\000a\000l\000k\000u\000l\000a\000t\000i\000o\000n\000s\000t\000o\000o\000l}{section.6}% 17
\BOOKMARK [2][-]{subsection.6.2}{\376\377\000S\000z\000e\000n\000a\000r\000i\000o\000\040\000B\000:\000\040\000P\000i\000v\000o\000t\000\040\000z\000u\000\040\000W\000i\000s\000s\000e\000n\000s\000t\000r\000a\000n\000s\000f\000e\000r\000-\000P\000l\000a\000t\000t\000f\000o\000r\000m}{section.6}% 18
\BOOKMARK [2][-]{subsection.6.3}{\376\377\000S\000z\000e\000n\000a\000r\000i\000o\000\040\000C\000:\000\040\000D\000e\000m\000o\000-\000A\000s\000s\000e\000t\000\040\000+\000\040\000K\000I\000-\000C\000o\000n\000s\000u\000l\000t\000i\000n\000g\000\040\000\050\000e\000m\000p\000f\000o\000h\000l\000e\000n\000\051}{section.6}% 19
\BOOKMARK [1][-]{section.7}{\376\377\000F\000a\000z\000i\000t}{}% 20
