\BOOKMARK [1][-]{section.1}{\376\377\000E\000i\000n\000l\000e\000i\000t\000u\000n\000g}{}% 1
\BOOKMARK [2][-]{subsection.1.1}{\376\377\000Z\000i\000e\000l}{section.1}% 2
\BOOKMARK [2][-]{subsection.1.2}{\376\377\000D\000a\000t\000e\000n\000b\000a\000s\000i\000s}{section.1}% 3
\BOOKMARK [2][-]{subsection.1.3}{\376\377\000V\000e\000r\000g\000l\000e\000i\000c\000h\000s\000e\000b\000e\000n\000e}{section.1}% 4
\BOOKMARK [1][-]{section.2}{\376\377\000T\000e\000i\000l\000\040\0001\000:\000\040\000D\000r\000e\000i\000\040\000D\000e\000m\000o\000-\000B\000a\000u\000t\000e\000i\000l\000e\000\040\000i\000m\000\040\000D\000e\000t\000a\000i\000l}{}% 5
\BOOKMARK [2][-]{subsection.2.1}{\376\377\000B\000a\000u\000t\000e\000i\000l\000\040\0001\000:\000\040\000P\000l\000a\000t\000t\000e\000\040\000\050\0002\0009\000\040\000S\000t\000\374\000c\000k\000\051}{section.2}% 6
\BOOKMARK [2][-]{subsection.2.2}{\376\377\000B\000a\000u\000t\000e\000i\000l\000\040\0002\000:\000\040\000A\000d\000a\000p\000t\000e\000r\000p\000l\000a\000t\000t\000e\000\040\000\050\0001\0000\000\040\000S\000t\000\374\000c\000k\000\051}{section.2}% 7
\BOOKMARK [2][-]{subsection.2.3}{\376\377\000B\000a\000u\000t\000e\000i\000l\000\040\0003\000:\000\040\000B\000l\000o\000c\000k\000\040\000/\000\040\000D\000r\000e\000h\000t\000e\000i\000l\000\040\000\050\0005\000\040\000S\000t\000\374\000c\000k\000\051}{section.2}% 8
\BOOKMARK [2][-]{subsection.2.4}{\376\377\000Z\000u\000s\000a\000m\000m\000e\000n\000f\000a\000s\000s\000u\000n\000g\000:\000\040\0003\000\040\000D\000e\000m\000o\000-\000B\000a\000u\000t\000e\000i\000l\000e}{section.2}% 9
\BOOKMARK [1][-]{section.3}{\376\377\000T\000e\000i\000l\000\040\0002\000:\000\040\000A\000l\000l\000e\000\040\0006\000\040\000P\000o\000s\000i\000t\000i\000o\000n\000e\000n\000\040\040\024\000\040\000G\000e\000s\000a\000m\000t\000v\000e\000r\000g\000l\000e\000i\000c\000h}{}% 10
\BOOKMARK [2][-]{subsection.3.1}{\376\377\000\334\000b\000e\000r\000s\000i\000c\000h\000t}{section.3}% 11
\BOOKMARK [2][-]{subsection.3.2}{\376\377\000G\000e\000s\000a\000m\000t\000v\000o\000l\000u\000m\000e\000n}{section.3}% 12
\BOOKMARK [2][-]{subsection.3.3}{\376\377\000A\000b\000w\000e\000i\000c\000h\000u\000n\000g\000s\000a\000n\000a\000l\000y\000s\000e}{section.3}% 13
\BOOKMARK [2][-]{subsection.3.4}{\376\377\000M\000u\000s\000t\000e\000r\000\040\000e\000r\000k\000e\000n\000n\000e\000n}{section.3}% 14
\BOOKMARK [1][-]{section.4}{\376\377\000E\000h\000r\000l\000i\000c\000h\000e\000\040\000E\000i\000n\000o\000r\000d\000n\000u\000n\000g}{}% 15
\BOOKMARK [2][-]{subsection.4.1}{\376\377\000W\000a\000s\000\040\000C\000N\000C\000\040\000P\000l\000a\000n\000e\000r\000\040\000P\000r\000o\000\040\000k\000a\000n\000n}{section.4}% 16
\BOOKMARK [2][-]{subsection.4.2}{\376\377\000W\000a\000s\000\040\000C\000N\000C\000\040\000P\000l\000a\000n\000e\000r\000\040\000P\000r\000o\000\040\000n\000i\000c\000h\000t\000\040\000k\000a\000n\000n}{section.4}% 17
\BOOKMARK [2][-]{subsection.4.3}{\376\377\000F\000\374\000r\000\040\000w\000e\000n\000\040\000i\000s\000t\000\040\000C\000N\000C\000\040\000P\000l\000a\000n\000e\000r\000\040\000P\000r\000o\000\040\000g\000e\000e\000i\000g\000n\000e\000t\000?}{section.4}% 18
\BOOKMARK [1][-]{section.5}{\376\377\000V\000e\000r\000b\000e\000s\000s\000e\000r\000u\000n\000g\000s\000p\000o\000t\000e\000n\000t\000i\000a\000l}{}% 19
\BOOKMARK [1][-]{section.6}{\376\377\000F\000a\000z\000i\000t}{}% 20
