=== Google Drive Sync ===
Date: 2026-02-03
Time: 23:01:17


--- CNC Planner Assets ---

--- Workspace Screenshots ---

--- Workspace PDFs ---
Skipping (exists): cv-florian-master.pdf
Uploading: cv-florian-decile.pdf
id	1-gRpj8Q6P8dMSsNeDpo8b57sFAyDZtHF
name	cv-florian-decile.pdf
link	https://drive.google.com/file/d/1-gRpj8Q6P8dMSsNeDpo8b57sFAyDZtHF/view?usp=drivesdk
Skipping (exists): cover-letter.pdf
Uploading: Brand-Guide-Florian-Ziesche.pdf
id	1ZZR321i_-PVOD0J4sOh__RKeuANIUT0U
name	Brand-Guide-Florian-Ziesche.pdf
link	https://drive.google.com/file/d/1ZZR321i_-PVOD0J4sOh__RKeuANIUT0U/view?usp=drivesdk

--- Summary ---
Uploaded: 0
Skipped: 0
Errors: 0
Completed: 23:01:31

Uploading sync log to Drive...
