=== Google Drive Sync ===
Date: 2026-02-04
Time: 23:00:07


--- CNC Planner Assets ---

--- Workspace Screenshots ---

--- Workspace PDFs ---
Uploading: 36zero-report-en.pdf
id	1T7NP_e2jo51NkwtWQEEMcSAlYIGVHDL1
name	36zero-report-en.pdf
link	https://drive.google.com/file/d/1T7NP_e2jo51NkwtWQEEMcSAlYIGVHDL1/view?usp=drivesdk
Uploading: 36zero-report.pdf
id	1c6F-PbEBm4gwpv42mbacOfY4ZKOpJOjM
name	36zero-report.pdf
link	https://drive.google.com/file/d/1c6F-PbEBm4gwpv42mbacOfY4ZKOpJOjM/view?usp=drivesdk
Skipping (exists): cv-florian-master.pdf
Skipping (exists): cv-florian-decile.pdf
Skipping (exists): cover-letter.pdf
Uploading: cover-letter-template-vc.pdf
id	1iAetZHQtuEn9cw4lqOOL_7yKQ_KCQVRS
name	cover-letter-template-vc.pdf
link	https://drive.google.com/file/d/1iAetZHQtuEn9cw4lqOOL_7yKQ_KCQVRS/view?usp=drivesdk
Uploading: cv-florian-vc.pdf
id	1jkWygN4A_LKSWU2g-Dcn_rNpLPjdZVSh
name	cv-florian-vc.pdf
link	https://drive.google.com/file/d/1jkWygN4A_LKSWU2g-Dcn_rNpLPjdZVSh/view?usp=drivesdk
Uploading: 2026-02-04-retrospective.pdf
id	1cXFBeGcZnMLkmsZAjQW_V7IMsLlCTCcW
name	2026-02-04-retrospective.pdf
link	https://drive.google.com/file/d/1cXFBeGcZnMLkmsZAjQW_V7IMsLlCTCcW/view?usp=drivesdk
Skipping (exists): Brand-Guide-Florian-Ziesche.pdf

--- Summary ---
Uploaded: 0
Skipped: 0
Errors: 0
Completed: 23:00:22

Uploading sync log to Drive...
