\BOOKMARK [1][-]{section.1}{\376\377\000E\000x\000e\000c\000u\000t\000i\000v\000e\000\040\000S\000u\000m\000m\000a\000r\000y}{}% 1
\BOOKMARK [2][-]{subsection.1.1}{\376\377\000D\000i\000e\000\040\000E\000v\000o\000l\000u\000t\000i\000o\000n\000\040\040\024\000\040\000D\000r\000e\000i\000\040\000S\000t\000u\000f\000e\000n\000\040\000\374\000b\000e\000r\000\040\000d\000a\000s\000\040\000H\000e\000u\000t\000e\000\040\000h\000i\000n\000a\000u\000s}{section.1}% 2
\BOOKMARK [1][-]{section.2}{\376\377\000D\000a\000s\000\040\000K\000u\000n\000d\000e\000n\000p\000r\000o\000b\000l\000e\000m}{}% 3
\BOOKMARK [2][-]{subsection.2.1}{\376\377\000D\000i\000e\000\040\000f\000\374\000n\000f\000\040\000g\000r\000\366\000\337\000t\000e\000n\000\040\000S\000c\000h\000m\000e\000r\000z\000p\000u\000n\000k\000t\000e}{section.2}% 4
\BOOKMARK [2][-]{subsection.2.2}{\376\377\000W\000i\000e\000\040\0003\0006\000Z\000E\000R\000O\000\040\000d\000i\000e\000s\000e\000\040\000P\000r\000o\000b\000l\000e\000m\000e\000\040\000l\000\366\000s\000t}{section.2}% 5
\BOOKMARK [1][-]{section.3}{\376\377\000R\000O\000I\000:\000\040\000E\000c\000h\000t\000e\000\040\000Z\000a\000h\000l\000e\000n}{}% 6
\BOOKMARK [2][-]{subsection.3.1}{\376\377\000K\000o\000s\000t\000e\000n\000v\000e\000r\000g\000l\000e\000i\000c\000h\000:\000\040\000M\000a\000n\000u\000e\000l\000l\000\040\000v\000s\000.\000\040\0003\0006\000Z\000E\000R\000O}{section.3}% 7
\BOOKMARK [2][-]{subsection.3.2}{\376\377\000D\000e\000r\000\040\000R\000O\000I\000-\000M\000u\000l\000t\000i\000p\000l\000i\000k\000a\000t\000o\000r}{section.3}% 8
\BOOKMARK [1][-]{section.4}{\376\377\000A\000g\000e\000n\000t\000i\000c\000\040\000Q\000u\000a\000l\000i\000t\000y}{}% 9
\BOOKMARK [2][-]{subsection.4.1}{\376\377\000D\000e\000r\000\040\000k\000o\000n\000k\000r\000e\000t\000e\000\040\000A\000b\000l\000a\000u\000f}{section.4}% 10
\BOOKMARK [2][-]{subsection.4.2}{\376\377\000W\000a\000r\000u\000m\000\040\000j\000e\000t\000z\000t\000?}{section.4}% 11
\BOOKMARK [1][-]{section.5}{\376\377\000S\000e\000l\000f\000-\000I\000m\000p\000r\000o\000v\000i\000n\000g\000\040\000A\000I}{}% 12
\BOOKMARK [2][-]{subsection.5.1}{\376\377\000D\000r\000e\000i\000\040\000D\000i\000m\000e\000n\000s\000i\000o\000n\000e\000n\000\040\000d\000e\000r\000\040\000S\000e\000l\000b\000s\000t\000v\000e\000r\000b\000e\000s\000s\000e\000r\000u\000n\000g}{section.5}% 13
\BOOKMARK [1][-]{section.6}{\376\377\000E\000R\000P\000-\000I\000n\000t\000e\000g\000r\000a\000t\000i\000o\000n}{}% 14
\BOOKMARK [2][-]{subsection.6.1}{\376\377\000S\000A\000P\000\040\000Q\000M\000\040\000C\000o\000n\000n\000e\000c\000t\000o\000r}{section.6}% 15
\BOOKMARK [2][-]{subsection.6.2}{\376\377\000B\000o\000s\000c\000h\000\040\000c\000t\000r\000l\000X\000\040\000W\000o\000r\000l\000d\000:\000\040\0001\000-\000C\000l\000i\000c\000k\000\040\000I\000n\000s\000t\000a\000l\000l}{section.6}% 16
\BOOKMARK [1][-]{section.7}{\376\377\000W\000i\000s\000s\000e\000n\000s\000d\000a\000t\000e\000n\000b\000a\000n\000k\000\040\000\046\000F\000a\000c\000h\000k\000r\000\344\000f\000t\000e\000m\000a\000n\000g\000e\000l}{}% 17
\BOOKMARK [2][-]{subsection.7.1}{\376\377\000M\000a\000n\000u\000f\000a\000c\000t\000u\000r\000i\000n\000g\000\040\000K\000n\000o\000w\000l\000e\000d\000g\000e\000\040\000B\000a\000s\000e}{section.7}% 18
\BOOKMARK [2][-]{subsection.7.2}{\376\377\000D\000e\000r\000\040\000N\000e\000t\000z\000w\000e\000r\000k\000e\000f\000f\000e\000k\000t\000\040\040\024\000\040\000d\000e\000r\000\040\000w\000a\000h\000r\000e\000\040\000M\000o\000a\000t}{section.7}% 19
\BOOKMARK [1][-]{section.8}{\376\377\000W\000e\000t\000t\000b\000e\000w\000e\000r\000b\000\040\000\046\000\040\000N\000e\000u\000e\000\040\000M\000\344\000r\000k\000t\000e}{}% 20
\BOOKMARK [2][-]{subsection.8.1}{\376\377\000D\000a\000s\000\040\000W\000h\000i\000t\000e\000\040\000S\000p\000a\000c\000e}{section.8}% 21
\BOOKMARK [2][-]{subsection.8.2}{\376\377\000N\000e\000u\000e\000\040\000M\000\344\000r\000k\000t\000e}{section.8}% 22
\BOOKMARK [1][-]{section.9}{\376\377\000P\000r\000o\000d\000u\000c\000t\000\040\000R\000o\000a\000d\000m\000a\000p}{}% 23
\BOOKMARK [2][-]{subsection.9.1}{\376\377\000T\000o\000p\000\040\0003\000\040\000M\000o\000v\000e\000s\000\040\040\024\000\040\000s\000o\000f\000o\000r\000t\000\040\000u\000m\000s\000e\000t\000z\000b\000a\000r}{section.9}% 24
\BOOKMARK [1][-]{section.10}{\376\377\000D\000i\000e\000\040\000n\000e\000u\000e\000\040\000V\000i\000s\000i\000o\000n}{}% 25
\BOOKMARK [1][-]{section.11}{\376\377\000M\000a\000r\000k\000t\000p\000o\000t\000e\000n\000z\000i\000a\000l\000:\000\040\000T\000A\000M\000,\000\040\000S\000A\000M\000,\000\040\000S\000O\000M}{}% 26
\BOOKMARK [2][-]{subsection.11.1}{\376\377\000D\000e\000r\000\040\000W\000a\000t\000e\000r\000f\000a\000l\000l}{section.11}% 27
\BOOKMARK [1][-]{section.12}{\376\377\000C\000o\000m\000p\000e\000t\000i\000t\000i\000v\000e\000\040\000D\000e\000e\000p\000\040\000D\000i\000v\000e}{}% 28
\BOOKMARK [2][-]{subsection.12.1}{\376\377\000S\000t\000r\000a\000t\000e\000g\000i\000s\000c\000h\000e\000\040\000I\000m\000p\000l\000i\000k\000a\000t\000i\000o\000n}{section.12}% 29
\BOOKMARK [1][-]{section.13}{\376\377\000R\000e\000v\000e\000n\000u\000e\000-\000S\000z\000e\000n\000a\000r\000i\000e\000n}{}% 30
\BOOKMARK [2][-]{subsection.13.1}{\376\377\000S\000z\000e\000n\000a\000r\000i\000o\000\040\000A\000:\000\040\000S\000t\000a\000t\000u\000s\000\040\000Q\000u\000o\000\040\040\024\000\040\040\036\000G\000u\000t\000e\000s\000\040\000I\000n\000s\000p\000e\000c\000t\000i\000o\000n\000\040\000T\000o\000o\000l\000"}{section.13}% 31
\BOOKMARK [2][-]{subsection.13.2}{\376\377\000S\000z\000e\000n\000a\000r\000i\000o\000\040\000B\000:\000\040\000E\000R\000P\000\040\000+\000\040\000P\000h\000a\000r\000m\000a\000\040\040\024\000\040\040\036\000Q\000u\000a\000l\000i\000t\000y\000\040\000I\000n\000t\000e\000l\000l\000i\000g\000e\000n\000c\000e\000"}{section.13}% 32
\BOOKMARK [2][-]{subsection.13.3}{\376\377\000S\000z\000e\000n\000a\000r\000i\000o\000\040\000C\000:\000\040\000F\000u\000l\000l\000\040\000P\000l\000a\000t\000f\000o\000r\000m\000\040\040\024\000\040\040\036\000M\000a\000n\000u\000f\000a\000c\000t\000u\000r\000i\000n\000g\000\040\000Q\000u\000a\000l\000i\000t\000y\000\040\000O\000S\000"}{section.13}% 33
\BOOKMARK [1][-]{section.14}{\376\377\000R\000i\000s\000i\000k\000o\000-\000A\000n\000a\000l\000y\000s\000e}{}% 34
\BOOKMARK [1][-]{section.15}{\376\377\000Q\000u\000e\000l\000l\000e\000n\000\040\000\046\000\040\000R\000e\000f\000e\000r\000e\000n\000z\000e\000n}{}% 35
